# JRE version: Java(TM) SE Runtime Environment (8.0_211-b12) (build 1.8.0_211-b12)
# Java VM: Java HotSpot(TM) 64-Bit Server VM (25.211-b12 mixed mode windows-amd64 compressed oops)
Heap:
 PSYoungGen      total 147456K, used 40711K [0x00000000f5580000, 0x0000000100000000, 0x0000000100000000)
  eden space 122880K, 13% used [0x00000000f5580000,0x00000000f6584c98,0x00000000fcd80000)
  from space 24576K, 98% used [0x00000000fcf00000,0x00000000fe6bcf88,0x00000000fe700000)
  to   space 25600K, 0% used [0x00000000fe700000,0x00000000fe700000,0x0000000100000000)
 ParOldGen       total 315904K, used 40923K [0x00000000e0000000, 0x00000000f3480000, 0x00000000f5580000)
  object space 315904K, 12% used [0x00000000e0000000,0x00000000e27f6ff0,0x00000000f3480000)
 Metaspace       used 72319K, capacity 75100K, committed 75392K, reserved 1114112K
  class space    used 9620K, capacity 10267K, committed 10368K, reserved 1048576K
GC Heap History (10 events):
Event: 108.920 GC heap before
{Heap before GC invocations=12 (full 3):
 PSYoungGen      total 126976K, used 15331K [0x00000000f5580000, 0x0000000100000000, 0x0000000100000000)
  eden space 111616K, 0% used [0x00000000f5580000,0x00000000f5580000,0x00000000fc280000)
  from space 15360K, 99% used [0x00000000fc280000,0x00000000fd178cd8,0x00000000fd180000)
  to   space 19456K, 0% used [0x00000000fed00000,0x00000000fed00000,0x0000000100000000)
 ParOldGen       total 216064K, used 25409K [0x00000000e0000000, 0x00000000ed300000, 0x00000000f5580000)
  object space 216064K, 11% used [0x00000000e0000000,0x00000000e18d0438,0x00000000ed300000)
 Metaspace       used 57281K, capacity 58836K, committed 59028K, reserved 1099776K
  class space    used 7851K, capacity 8327K, committed 8448K, reserved 1048576K
Event: 109.533 GC heap after
Heap after GC invocations=12 (full 3):
 PSYoungGen      total 126976K, used 0K [0x00000000f5580000, 0x0000000100000000, 0x0000000100000000)
  eden space 111616K, 0% used [0x00000000f5580000,0x00000000f5580000,0x00000000fc280000)
  from space 15360K, 0% used [0x00000000fc280000,0x00000000fc280000,0x00000000fd180000)
  to   space 19456K, 0% used [0x00000000fed00000,0x00000000fed00000,0x0000000100000000)
 ParOldGen       total 315904K, used 35292K [0x00000000e0000000, 0x00000000f3480000, 0x00000000f5580000)
  object space 315904K, 11% used [0x00000000e0000000,0x00000000e2277178,0x00000000f3480000)
 Metaspace       used 57281K, capacity 58836K, committed 59028K, reserved 1099776K
  class space    used 7851K, capacity 8327K, committed 8448K, reserved 1048576K
}
Event: 119.126 GC heap before
{Heap before GC invocations=13 (full 3):
 PSYoungGen      total 126976K, used 111616K [0x00000000f5580000, 0x0000000100000000, 0x0000000100000000)
  eden space 111616K, 100% used [0x00000000f5580000,0x00000000fc280000,0x00000000fc280000)
  from space 15360K, 0% used [0x00000000fc280000,0x00000000fc280000,0x00000000fd180000)
  to   space 19456K, 0% used [0x00000000fed00000,0x00000000fed00000,0x0000000100000000)
 ParOldGen       total 315904K, used 35292K [0x00000000e0000000, 0x00000000f3480000, 0x00000000f5580000)
  object space 315904K, 11% used [0x00000000e0000000,0x00000000e2277178,0x00000000f3480000)
 Metaspace       used 63374K, capacity 65268K, committed 65408K, reserved 1105920K
  class space    used 8769K, capacity 9319K, committed 9344K, reserved 1048576K
Event: 119.175 GC heap after
Heap after GC invocations=13 (full 3):
 PSYoungGen      total 148992K, used 11924K [0x00000000f5580000, 0x00000000ffc80000, 0x0000000100000000)
  eden space 133120K, 0% used [0x00000000f5580000,0x00000000f5580000,0x00000000fd780000)
  from space 15872K, 75% used [0x00000000fed00000,0x00000000ff8a52d8,0x00000000ffc80000)
  to   space 18944K, 0% used [0x00000000fd780000,0x00000000fd780000,0x00000000fea00000)
 ParOldGen       total 315904K, used 35300K [0x00000000e0000000, 0x00000000f3480000, 0x00000000f5580000)
  object space 315904K, 11% used [0x00000000e0000000,0x00000000e2279178,0x00000000f3480000)
 Metaspace       used 63374K, capacity 65268K, committed 65408K, reserved 1105920K
  class space    used 8769K, capacity 9319K, committed 9344K, reserved 1048576K
}
Event: 132.979 GC heap before
{Heap before GC invocations=14 (full 3):
 PSYoungGen      total 148992K, used 145044K [0x00000000f5580000, 0x00000000ffc80000, 0x0000000100000000)
  eden space 133120K, 100% used [0x00000000f5580000,0x00000000fd780000,0x00000000fd780000)
  from space 15872K, 75% used [0x00000000fed00000,0x00000000ff8a52d8,0x00000000ffc80000)
  to   space 18944K, 0% used [0x00000000fd780000,0x00000000fd780000,0x00000000fea00000)
 ParOldGen       total 315904K, used 35300K [0x00000000e0000000, 0x00000000f3480000, 0x00000000f5580000)
  object space 315904K, 11% used [0x00000000e0000000,0x00000000e2279178,0x00000000f3480000)
 Metaspace       used 66647K, capacity 68868K, committed 69120K, reserved 1107968K
  class space    used 9182K, capacity 9709K, committed 9728K, reserved 1048576K
Event: 133.050 GC heap after
Heap after GC invocations=14 (full 3):
 PSYoungGen      total 152064K, used 18291K [0x00000000f5580000, 0x0000000100000000, 0x0000000100000000)
  eden space 133120K, 0% used [0x00000000f5580000,0x00000000f5580000,0x00000000fd780000)
  from space 18944K, 96% used [0x00000000fd780000,0x00000000fe95ce40,0x00000000fea00000)
  to   space 20480K, 0% used [0x00000000fec00000,0x00000000fec00000,0x0000000100000000)
 ParOldGen       total 315904K, used 35308K [0x00000000e0000000, 0x00000000f3480000, 0x00000000f5580000)
  object space 315904K, 11% used [0x00000000e0000000,0x00000000e227b178,0x00000000f3480000)
 Metaspace       used 66647K, capacity 68868K, committed 69120K, reserved 1107968K
  class space    used 9182K, capacity 9709K, committed 9728K, reserved 1048576K
}
Event: 788.519 GC heap before
{Heap before GC invocations=15 (full 3):
 PSYoungGen      total 152064K, used 151411K [0x00000000f5580000, 0x0000000100000000, 0x0000000100000000)
  eden space 133120K, 100% used [0x00000000f5580000,0x00000000fd780000,0x00000000fd780000)
  from space 18944K, 96% used [0x00000000fd780000,0x00000000fe95ce40,0x00000000fea00000)
  to   space 20480K, 0% used [0x00000000fec00000,0x00000000fec00000,0x0000000100000000)
 ParOldGen       total 315904K, used 35308K [0x00000000e0000000, 0x00000000f3480000, 0x00000000f5580000)
  object space 315904K, 11% used [0x00000000e0000000,0x00000000e227b178,0x00000000f3480000)
 Metaspace       used 71260K, capacity 73628K, committed 73856K, reserved 1114112K
  class space    used 9510K, capacity 10095K, committed 10112K, reserved 1048576K
Event: 788.644 GC heap after
Heap after GC invocations=15 (full 3):
 PSYoungGen      total 144896K, used 20452K [0x00000000f5580000, 0x0000000100000000, 0x0000000100000000)
  eden space 124416K, 0% used [0x00000000f5580000,0x00000000f5580000,0x00000000fcf00000)
  from space 20480K, 99% used [0x00000000fec00000,0x00000000ffff9058,0x0000000100000000)
  to   space 25088K, 0% used [0x00000000fcf00000,0x00000000fcf00000,0x00000000fe780000)
 ParOldGen       total 315904K, used 40915K [0x00000000e0000000, 0x00000000f3480000, 0x00000000f5580000)
  object space 315904K, 12% used [0x00000000e0000000,0x00000000e27f4ff0,0x00000000f3480000)
 Metaspace       used 71260K, capacity 73628K, committed 73856K, reserved 1114112K
  class space    used 9510K, capacity 10095K, committed 10112K, reserved 1048576K
}
Event: 1077.102 GC heap before
{Heap before GC invocations=16 (full 3):
 PSYoungGen      total 144896K, used 144868K [0x00000000f5580000, 0x0000000100000000, 0x0000000100000000)
  eden space 124416K, 100% used [0x00000000f5580000,0x00000000fcf00000,0x00000000fcf00000)
  from space 20480K, 99% used [0x00000000fec00000,0x00000000ffff9058,0x0000000100000000)
  to   space 25088K, 0% used [0x00000000fcf00000,0x00000000fcf00000,0x00000000fe780000)
 ParOldGen       total 315904K, used 40915K [0x00000000e0000000, 0x00000000f3480000, 0x00000000f5580000)
  object space 315904K, 12% used [0x00000000e0000000,0x00000000e27f4ff0,0x00000000f3480000)
 Metaspace       used 72056K, capacity 74784K, committed 75008K, reserved 1114112K
  class space    used 9588K, capacity 10209K, committed 10240K, reserved 1048576K
Event: 1077.621 GC heap after
Heap after GC invocations=16 (full 3):
 PSYoungGen      total 147456K, used 24307K [0x00000000f5580000, 0x0000000100000000, 0x0000000100000000)
  eden space 122880K, 0% used [0x00000000f5580000,0x00000000f5580000,0x00000000fcd80000)
  from space 24576K, 98% used [0x00000000fcf00000,0x00000000fe6bcf88,0x00000000fe700000)
  to   space 25600K, 0% used [0x00000000fe700000,0x00000000fe700000,0x0000000100000000)
 ParOldGen       total 315904K, used 40923K [0x00000000e0000000, 0x00000000f3480000, 0x00000000f5580000)
  object space 315904K, 12% used [0x00000000e0000000,0x00000000e27f6ff0,0x00000000f3480000)
 Metaspace       used 72056K, capacity 74784K, committed 75008K, reserved 1114112K
  class space    used 9588K, capacity 10209K, committed 10240K, reserved 1048576K
}

